{"/home/chriss/Sites/ORM/decorators.js":{"path":"/home/chriss/Sites/ORM/decorators.js","s":{"1":1,"2":1,"3":1,"4":11,"5":11,"6":11,"7":11,"8":9,"9":2,"10":2,"11":11,"12":11,"13":1,"14":1,"15":1,"16":1,"17":1,"18":1,"19":22,"20":1,"21":1,"22":1,"23":9,"24":9,"25":0,"26":1,"27":1,"28":1,"29":1,"30":2,"31":2,"32":0,"33":1,"34":1,"35":1,"36":1,"37":9,"38":9,"39":1,"40":1,"41":2,"42":2,"43":1},"b":{"1":[11,1],"2":[9,2],"3":[11,0],"4":[11,11],"5":[11,0],"6":[1,0],"7":[1,0],"8":[1,1],"9":[9,0],"10":[1,0],"11":[1,1],"12":[2,0],"13":[9,7],"14":[2,2]},"f":{"1":11,"2":1,"3":9,"4":9,"5":2,"6":2},"fnMap":{"1":{"name":"register","line":38,"loc":{"start":{"line":38,"column":0},"end":{"line":38,"column":47}}},"2":{"name":"getList","line":59,"loc":{"start":{"line":59,"column":0},"end":{"line":59,"column":25}}},"3":{"name":"field","line":103,"loc":{"start":{"line":103,"column":0},"end":{"line":103,"column":22}}},"4":{"name":"(anonymous_4)","line":104,"loc":{"start":{"line":104,"column":11},"end":{"line":104,"column":34}}},"5":{"name":"secret","line":116,"loc":{"start":{"line":116,"column":0},"end":{"line":116,"column":23}}},"6":{"name":"(anonymous_6)","line":117,"loc":{"start":{"line":117,"column":11},"end":{"line":117,"column":34}}}},"statementMap":{"1":{"start":{"line":25,"column":0},"end":{"line":25,"column":62}},"2":{"start":{"line":29,"column":0},"end":{"line":29,"column":27}},"3":{"start":{"line":38,"column":0},"end":{"line":52,"column":1}},"4":{"start":{"line":39,"column":4},"end":{"line":39,"column":48}},"5":{"start":{"line":40,"column":4},"end":{"line":40,"column":30}},"6":{"start":{"line":41,"column":4},"end":{"line":41,"column":13}},"7":{"start":{"line":42,"column":4},"end":{"line":48,"column":5}},"8":{"start":{"line":43,"column":8},"end":{"line":43,"column":32}},"9":{"start":{"line":46,"column":8},"end":{"line":46,"column":25}},"10":{"start":{"line":47,"column":8},"end":{"line":47,"column":31}},"11":{"start":{"line":49,"column":4},"end":{"line":51,"column":5}},"12":{"start":{"line":50,"column":8},"end":{"line":50,"column":35}},"13":{"start":{"line":59,"column":0},"end":{"line":94,"column":1}},"14":{"start":{"line":61,"column":4},"end":{"line":61,"column":26}},"15":{"start":{"line":62,"column":4},"end":{"line":62,"column":53}},"16":{"start":{"line":63,"column":4},"end":{"line":63,"column":46}},"17":{"start":{"line":64,"column":4},"end":{"line":64,"column":46}},"18":{"start":{"line":66,"column":4},"end":{"line":68,"column":6}},"19":{"start":{"line":67,"column":8},"end":{"line":67,"column":37}},"20":{"start":{"line":69,"column":4},"end":{"line":80,"column":5}},"21":{"start":{"line":70,"column":8},"end":{"line":70,"column":42}},"22":{"start":{"line":71,"column":8},"end":{"line":78,"column":11}},"23":{"start":{"line":72,"column":12},"end":{"line":77,"column":13}},"24":{"start":{"line":73,"column":16},"end":{"line":73,"column":68}},"25":{"start":{"line":76,"column":16},"end":{"line":76,"column":56}},"26":{"start":{"line":79,"column":8},"end":{"line":79,"column":47}},"27":{"start":{"line":81,"column":4},"end":{"line":92,"column":5}},"28":{"start":{"line":82,"column":8},"end":{"line":82,"column":42}},"29":{"start":{"line":83,"column":8},"end":{"line":90,"column":11}},"30":{"start":{"line":84,"column":12},"end":{"line":89,"column":13}},"31":{"start":{"line":85,"column":16},"end":{"line":85,"column":68}},"32":{"start":{"line":88,"column":16},"end":{"line":88,"column":56}},"33":{"start":{"line":91,"column":8},"end":{"line":91,"column":47}},"34":{"start":{"line":93,"column":4},"end":{"line":93,"column":17}},"35":{"start":{"line":95,"column":0},"end":{"line":95,"column":26}},"36":{"start":{"line":103,"column":0},"end":{"line":107,"column":1}},"37":{"start":{"line":104,"column":4},"end":{"line":106,"column":6}},"38":{"start":{"line":105,"column":8},"end":{"line":105,"column":134}},"39":{"start":{"line":108,"column":0},"end":{"line":108,"column":22}},"40":{"start":{"line":116,"column":0},"end":{"line":120,"column":1}},"41":{"start":{"line":117,"column":4},"end":{"line":119,"column":6}},"42":{"start":{"line":118,"column":8},"end":{"line":118,"column":134}},"43":{"start":{"line":121,"column":0},"end":{"line":121,"column":24}}},"branchMap":{"1":{"line":39,"type":"binary-expr","locations":[{"start":{"line":39,"column":14},"end":{"line":39,"column":34}},{"start":{"line":39,"column":38},"end":{"line":39,"column":47}}]},"2":{"line":42,"type":"if","locations":[{"start":{"line":42,"column":4},"end":{"line":42,"column":4}},{"start":{"line":42,"column":4},"end":{"line":42,"column":4}}]},"3":{"line":49,"type":"if","locations":[{"start":{"line":49,"column":4},"end":{"line":49,"column":4}},{"start":{"line":49,"column":4},"end":{"line":49,"column":4}}]},"4":{"line":49,"type":"binary-expr","locations":[{"start":{"line":49,"column":9},"end":{"line":49,"column":36}},{"start":{"line":49,"column":42},"end":{"line":49,"column":56}}]},"5":{"line":50,"type":"binary-expr","locations":[{"start":{"line":50,"column":22},"end":{"line":50,"column":27}},{"start":{"line":50,"column":31},"end":{"line":50,"column":33}}]},"6":{"line":62,"type":"binary-expr","locations":[{"start":{"line":62,"column":19},"end":{"line":62,"column":39}},{"start":{"line":62,"column":43},"end":{"line":62,"column":52}}]},"7":{"line":69,"type":"if","locations":[{"start":{"line":69,"column":4},"end":{"line":69,"column":4}},{"start":{"line":69,"column":4},"end":{"line":69,"column":4}}]},"8":{"line":69,"type":"binary-expr","locations":[{"start":{"line":69,"column":9},"end":{"line":69,"column":21}},{"start":{"line":69,"column":27},"end":{"line":69,"column":44}}]},"9":{"line":72,"type":"if","locations":[{"start":{"line":72,"column":12},"end":{"line":72,"column":12}},{"start":{"line":72,"column":12},"end":{"line":72,"column":12}}]},"10":{"line":81,"type":"if","locations":[{"start":{"line":81,"column":4},"end":{"line":81,"column":4}},{"start":{"line":81,"column":4},"end":{"line":81,"column":4}}]},"11":{"line":81,"type":"binary-expr","locations":[{"start":{"line":81,"column":9},"end":{"line":81,"column":21}},{"start":{"line":81,"column":27},"end":{"line":81,"column":44}}]},"12":{"line":84,"type":"if","locations":[{"start":{"line":84,"column":12},"end":{"line":84,"column":12}},{"start":{"line":84,"column":12},"end":{"line":84,"column":12}}]},"13":{"line":105,"type":"binary-expr","locations":[{"start":{"line":105,"column":120},"end":{"line":105,"column":125}},{"start":{"line":105,"column":129},"end":{"line":105,"column":132}}]},"14":{"line":118,"type":"binary-expr","locations":[{"start":{"line":118,"column":120},"end":{"line":118,"column":125}},{"start":{"line":118,"column":129},"end":{"line":118,"column":132}}]}}},"/home/chriss/Sites/ORM/interfaces/db/defaults.js":{"path":"/home/chriss/Sites/ORM/interfaces/db/defaults.js","s":{"1":1,"2":1,"3":1,"4":1,"5":1,"6":1,"7":1,"8":1,"9":1,"10":1,"11":1,"12":1,"13":1,"14":1},"b":{"1":[1,1],"2":[1,1],"3":[1,1]},"f":{"1":1,"2":1,"3":1},"fnMap":{"1":{"name":"(anonymous_1)","line":27,"loc":{"start":{"line":27,"column":1},"end":{"line":27,"column":21}}},"2":{"name":"(anonymous_2)","line":29,"loc":{"start":{"line":29,"column":5},"end":{"line":29,"column":26}}},"3":{"name":"(anonymous_3)","line":38,"loc":{"start":{"line":38,"column":5},"end":{"line":38,"column":23}}}},"statementMap":{"1":{"start":{"line":25,"column":0},"end":{"line":25,"column":62}},"2":{"start":{"line":26,"column":0},"end":{"line":26,"column":13}},"3":{"start":{"line":27,"column":0},"end":{"line":43,"column":59}},"4":{"start":{"line":28,"column":4},"end":{"line":28,"column":18}},"5":{"start":{"line":29,"column":4},"end":{"line":35,"column":68}},"6":{"start":{"line":30,"column":8},"end":{"line":30,"column":50}},"7":{"start":{"line":31,"column":8},"end":{"line":31,"column":50}},"8":{"start":{"line":32,"column":8},"end":{"line":32,"column":76}},"9":{"start":{"line":33,"column":8},"end":{"line":33,"column":106}},"10":{"start":{"line":34,"column":8},"end":{"line":34,"column":132}},"11":{"start":{"line":37,"column":4},"end":{"line":37,"column":15}},"12":{"start":{"line":38,"column":4},"end":{"line":41,"column":59}},"13":{"start":{"line":39,"column":8},"end":{"line":39,"column":46}},"14":{"start":{"line":40,"column":8},"end":{"line":40,"column":44}}},"branchMap":{"1":{"line":35,"type":"binary-expr","locations":[{"start":{"line":35,"column":19},"end":{"line":35,"column":37}},{"start":{"line":35,"column":42},"end":{"line":35,"column":65}}]},"2":{"line":41,"type":"binary-expr","locations":[{"start":{"line":41,"column":16},"end":{"line":41,"column":31}},{"start":{"line":41,"column":36},"end":{"line":41,"column":56}}]},"3":{"line":43,"type":"binary-expr","locations":[{"start":{"line":43,"column":14},"end":{"line":43,"column":30}},{"start":{"line":43,"column":35},"end":{"line":43,"column":56}}]}}},"/home/chriss/Sites/ORM/datatypes.js":{"path":"/home/chriss/Sites/ORM/datatypes.js","s":{"1":1,"2":1,"3":11,"4":11,"5":11,"6":11,"7":0,"8":0,"9":0,"10":0,"11":0,"12":0,"13":0,"14":0,"15":0,"16":1,"17":1,"18":1,"19":0,"20":0,"21":0,"22":0,"23":0,"24":0,"25":0,"26":0,"27":0,"28":0,"29":0,"30":0,"31":0,"32":0,"33":0,"34":1,"35":1,"36":1,"37":5,"38":5,"39":5,"40":0,"41":0,"42":0,"43":0,"44":0,"45":0,"46":0,"47":0,"48":0,"49":3,"50":3,"51":3,"52":0,"53":0,"54":0,"55":0,"56":0,"57":0,"58":0,"59":0,"60":0,"61":0,"62":0,"63":0,"64":1,"65":1,"66":1,"67":1},"b":{"1":[11,11],"2":[11,7],"3":[11,9],"4":[11,11],"5":[11,11],"6":[11,11],"7":[11,11],"8":[11,11],"9":[11,11],"10":[1,1],"11":[0,0],"12":[0,0],"13":[5,0],"14":[3,3],"15":[1,0]},"f":{"1":11,"2":11,"3":0,"4":0,"5":0,"6":1,"7":0,"8":0,"9":0,"10":0,"11":0,"12":1,"13":5,"14":0,"15":0,"16":0,"17":3,"18":0,"19":0,"20":0,"21":0,"22":1},"fnMap":{"1":{"name":"(anonymous_1)","line":38,"loc":{"start":{"line":38,"column":14},"end":{"line":38,"column":39}}},"2":{"name":"(anonymous_2)","line":48,"loc":{"start":{"line":48,"column":15},"end":{"line":48,"column":31}}},"3":{"name":"(anonymous_3)","line":66,"loc":{"start":{"line":66,"column":11},"end":{"line":66,"column":27}}},"4":{"name":"(anonymous_4)","line":73,"loc":{"start":{"line":73,"column":12},"end":{"line":73,"column":28}}},"5":{"name":"(anonymous_5)","line":80,"loc":{"start":{"line":80,"column":7},"end":{"line":80,"column":23}}},"6":{"name":"(anonymous_6)","line":90,"loc":{"start":{"line":90,"column":6},"end":{"line":90,"column":22}}},"7":{"name":"(anonymous_7)","line":110,"loc":{"start":{"line":110,"column":14},"end":{"line":110,"column":62}}},"8":{"name":"(anonymous_8)","line":121,"loc":{"start":{"line":121,"column":13},"end":{"line":121,"column":35}}},"9":{"name":"(anonymous_9)","line":133,"loc":{"start":{"line":133,"column":9},"end":{"line":133,"column":25}}},"10":{"name":"(anonymous_10)","line":140,"loc":{"start":{"line":140,"column":10},"end":{"line":140,"column":26}}},"11":{"name":"(anonymous_11)","line":147,"loc":{"start":{"line":147,"column":11},"end":{"line":147,"column":27}}},"12":{"name":"(anonymous_12)","line":157,"loc":{"start":{"line":157,"column":8},"end":{"line":157,"column":24}}},"13":{"name":"(anonymous_13)","line":165,"loc":{"start":{"line":165,"column":11},"end":{"line":165,"column":27}}},"14":{"name":"(anonymous_14)","line":173,"loc":{"start":{"line":173,"column":12},"end":{"line":173,"column":28}}},"15":{"name":"(anonymous_15)","line":181,"loc":{"start":{"line":181,"column":8},"end":{"line":181,"column":24}}},"16":{"name":"(anonymous_16)","line":188,"loc":{"start":{"line":188,"column":12},"end":{"line":188,"column":28}}},"17":{"name":"(anonymous_17)","line":198,"loc":{"start":{"line":198,"column":8},"end":{"line":198,"column":24}}},"18":{"name":"(anonymous_18)","line":209,"loc":{"start":{"line":209,"column":8},"end":{"line":209,"column":24}}},"19":{"name":"(anonymous_19)","line":216,"loc":{"start":{"line":216,"column":8},"end":{"line":216,"column":24}}},"20":{"name":"(anonymous_20)","line":223,"loc":{"start":{"line":223,"column":8},"end":{"line":223,"column":24}}},"21":{"name":"(anonymous_21)","line":230,"loc":{"start":{"line":230,"column":12},"end":{"line":230,"column":28}}},"22":{"name":"(anonymous_22)","line":237,"loc":{"start":{"line":237,"column":13},"end":{"line":237,"column":29}}}},"statementMap":{"1":{"start":{"line":25,"column":0},"end":{"line":25,"column":62}},"2":{"start":{"line":26,"column":0},"end":{"line":26,"column":55}},"3":{"start":{"line":39,"column":8},"end":{"line":39,"column":61}},"4":{"start":{"line":40,"column":8},"end":{"line":40,"column":20}},"5":{"start":{"line":49,"column":8},"end":{"line":60,"column":10}},"6":{"start":{"line":61,"column":8},"end":{"line":61,"column":20}},"7":{"start":{"line":67,"column":8},"end":{"line":67,"column":52}},"8":{"start":{"line":68,"column":8},"end":{"line":70,"column":10}},"9":{"start":{"line":71,"column":8},"end":{"line":71,"column":55}},"10":{"start":{"line":74,"column":8},"end":{"line":74,"column":52}},"11":{"start":{"line":75,"column":8},"end":{"line":77,"column":10}},"12":{"start":{"line":78,"column":8},"end":{"line":78,"column":55}},"13":{"start":{"line":81,"column":8},"end":{"line":81,"column":52}},"14":{"start":{"line":82,"column":8},"end":{"line":84,"column":10}},"15":{"start":{"line":85,"column":8},"end":{"line":85,"column":55}},"16":{"start":{"line":91,"column":8},"end":{"line":91,"column":52}},"17":{"start":{"line":92,"column":8},"end":{"line":100,"column":10}},"18":{"start":{"line":101,"column":8},"end":{"line":101,"column":55}},"19":{"start":{"line":111,"column":8},"end":{"line":111,"column":52}},"20":{"start":{"line":112,"column":8},"end":{"line":118,"column":10}},"21":{"start":{"line":119,"column":8},"end":{"line":119,"column":55}},"22":{"start":{"line":122,"column":8},"end":{"line":122,"column":52}},"23":{"start":{"line":123,"column":8},"end":{"line":127,"column":10}},"24":{"start":{"line":128,"column":8},"end":{"line":128,"column":55}},"25":{"start":{"line":134,"column":8},"end":{"line":134,"column":52}},"26":{"start":{"line":135,"column":8},"end":{"line":137,"column":10}},"27":{"start":{"line":138,"column":8},"end":{"line":138,"column":55}},"28":{"start":{"line":141,"column":8},"end":{"line":141,"column":52}},"29":{"start":{"line":142,"column":8},"end":{"line":144,"column":10}},"30":{"start":{"line":145,"column":8},"end":{"line":145,"column":55}},"31":{"start":{"line":148,"column":8},"end":{"line":148,"column":52}},"32":{"start":{"line":149,"column":8},"end":{"line":151,"column":10}},"33":{"start":{"line":152,"column":8},"end":{"line":152,"column":55}},"34":{"start":{"line":158,"column":8},"end":{"line":158,"column":52}},"35":{"start":{"line":159,"column":8},"end":{"line":162,"column":10}},"36":{"start":{"line":163,"column":8},"end":{"line":163,"column":55}},"37":{"start":{"line":166,"column":8},"end":{"line":166,"column":52}},"38":{"start":{"line":167,"column":8},"end":{"line":170,"column":10}},"39":{"start":{"line":171,"column":8},"end":{"line":171,"column":55}},"40":{"start":{"line":174,"column":8},"end":{"line":174,"column":52}},"41":{"start":{"line":175,"column":8},"end":{"line":178,"column":10}},"42":{"start":{"line":179,"column":8},"end":{"line":179,"column":55}},"43":{"start":{"line":182,"column":8},"end":{"line":182,"column":52}},"44":{"start":{"line":183,"column":8},"end":{"line":185,"column":10}},"45":{"start":{"line":186,"column":8},"end":{"line":186,"column":55}},"46":{"start":{"line":189,"column":8},"end":{"line":189,"column":52}},"47":{"start":{"line":190,"column":8},"end":{"line":192,"column":10}},"48":{"start":{"line":193,"column":8},"end":{"line":193,"column":55}},"49":{"start":{"line":199,"column":8},"end":{"line":199,"column":52}},"50":{"start":{"line":200,"column":8},"end":{"line":203,"column":10}},"51":{"start":{"line":204,"column":8},"end":{"line":204,"column":55}},"52":{"start":{"line":210,"column":8},"end":{"line":210,"column":52}},"53":{"start":{"line":211,"column":8},"end":{"line":213,"column":10}},"54":{"start":{"line":214,"column":8},"end":{"line":214,"column":55}},"55":{"start":{"line":217,"column":8},"end":{"line":217,"column":52}},"56":{"start":{"line":218,"column":8},"end":{"line":220,"column":10}},"57":{"start":{"line":221,"column":8},"end":{"line":221,"column":55}},"58":{"start":{"line":224,"column":8},"end":{"line":224,"column":52}},"59":{"start":{"line":225,"column":8},"end":{"line":227,"column":10}},"60":{"start":{"line":228,"column":8},"end":{"line":228,"column":55}},"61":{"start":{"line":231,"column":8},"end":{"line":231,"column":52}},"62":{"start":{"line":232,"column":8},"end":{"line":234,"column":10}},"63":{"start":{"line":235,"column":8},"end":{"line":235,"column":55}},"64":{"start":{"line":238,"column":8},"end":{"line":238,"column":52}},"65":{"start":{"line":239,"column":8},"end":{"line":242,"column":10}},"66":{"start":{"line":243,"column":8},"end":{"line":243,"column":55}},"67":{"start":{"line":246,"column":0},"end":{"line":246,"column":30}}},"branchMap":{"1":{"line":50,"type":"binary-expr","locations":[{"start":{"line":50,"column":24},"end":{"line":50,"column":43}},{"start":{"line":50,"column":47},"end":{"line":50,"column":52}}]},"2":{"line":51,"type":"binary-expr","locations":[{"start":{"line":51,"column":21},"end":{"line":51,"column":37}},{"start":{"line":51,"column":41},"end":{"line":51,"column":46}}]},"3":{"line":52,"type":"binary-expr","locations":[{"start":{"line":52,"column":20},"end":{"line":52,"column":35}},{"start":{"line":52,"column":39},"end":{"line":52,"column":44}}]},"4":{"line":54,"type":"binary-expr","locations":[{"start":{"line":54,"column":22},"end":{"line":54,"column":39}},{"start":{"line":54,"column":43},"end":{"line":54,"column":48}}]},"5":{"line":55,"type":"binary-expr","locations":[{"start":{"line":55,"column":22},"end":{"line":55,"column":39}},{"start":{"line":55,"column":43},"end":{"line":55,"column":48}}]},"6":{"line":56,"type":"binary-expr","locations":[{"start":{"line":56,"column":27},"end":{"line":56,"column":49}},{"start":{"line":56,"column":53},"end":{"line":56,"column":58}}]},"7":{"line":57,"type":"binary-expr","locations":[{"start":{"line":57,"column":23},"end":{"line":57,"column":41}},{"start":{"line":57,"column":45},"end":{"line":57,"column":50}}]},"8":{"line":58,"type":"binary-expr","locations":[{"start":{"line":58,"column":23},"end":{"line":58,"column":41}},{"start":{"line":58,"column":45},"end":{"line":58,"column":50}}]},"9":{"line":59,"type":"binary-expr","locations":[{"start":{"line":59,"column":21},"end":{"line":59,"column":37}},{"start":{"line":59,"column":41},"end":{"line":59,"column":46}}]},"10":{"line":94,"type":"binary-expr","locations":[{"start":{"line":94,"column":18},"end":{"line":94,"column":31}},{"start":{"line":94,"column":35},"end":{"line":94,"column":36}}]},"11":{"line":114,"type":"binary-expr","locations":[{"start":{"line":114,"column":18},"end":{"line":114,"column":31}},{"start":{"line":114,"column":35},"end":{"line":114,"column":36}}]},"12":{"line":125,"type":"binary-expr","locations":[{"start":{"line":125,"column":18},"end":{"line":125,"column":31}},{"start":{"line":125,"column":35},"end":{"line":125,"column":36}}]},"13":{"line":169,"type":"binary-expr","locations":[{"start":{"line":169,"column":18},"end":{"line":169,"column":31}},{"start":{"line":169,"column":35},"end":{"line":169,"column":36}}]},"14":{"line":202,"type":"binary-expr","locations":[{"start":{"line":202,"column":21},"end":{"line":202,"column":37}},{"start":{"line":202,"column":41},"end":{"line":202,"column":42}}]},"15":{"line":241,"type":"binary-expr","locations":[{"start":{"line":241,"column":21},"end":{"line":241,"column":37}},{"start":{"line":241,"column":41},"end":{"line":241,"column":91}}]}}},"/home/chriss/Sites/ORM/model.js":{"path":"/home/chriss/Sites/ORM/model.js","s":{"1":1,"2":1,"3":0,"4":1,"5":1,"6":1,"7":0,"8":0,"9":1,"10":1,"11":1,"12":1,"13":1,"14":1,"15":1,"16":1,"17":1,"18":1,"19":1,"20":1,"21":0,"22":2,"23":2,"24":1,"25":1,"26":1,"27":0,"28":0,"29":0,"30":0,"31":0,"32":1,"33":2,"34":0,"35":0,"36":0,"37":0,"38":0,"39":0,"40":0,"41":0,"42":0,"43":0,"44":0,"45":0,"46":0,"47":0,"48":0,"49":0,"50":0,"51":0,"52":0,"53":0,"54":0,"55":0,"56":0,"57":0,"58":0,"59":0,"60":0,"61":0,"62":0,"63":0,"64":0,"65":0,"66":0,"67":0,"68":0,"69":0,"70":0,"71":0,"72":0,"73":0,"74":0,"75":0,"76":0,"77":0,"78":0,"79":0,"80":0,"81":0,"82":0,"83":0,"84":0,"85":0,"86":0,"87":0,"88":0,"89":0,"90":0,"91":0,"92":0,"93":0,"94":0,"95":0,"96":0,"97":0,"98":0,"99":0,"100":0,"101":0,"102":0,"103":0,"104":0,"105":0,"106":0,"107":0,"108":0,"109":0,"110":0,"111":0,"112":0,"113":0,"114":0,"115":0,"116":0,"117":0,"118":0,"119":0,"120":0,"121":0,"122":0,"123":0,"124":0,"125":0,"126":0,"127":0,"128":0,"129":0,"130":0,"131":0,"132":0,"133":0,"134":0,"135":0,"136":0,"137":0,"138":0,"139":0,"140":0,"141":0,"142":0,"143":0,"144":0,"145":0,"146":0,"147":0,"148":0,"149":0,"150":0,"151":0,"152":0,"153":0,"154":0,"155":0,"156":0,"157":0,"158":0,"159":0,"160":0,"161":0,"162":0,"163":0,"164":0,"165":0,"166":0,"167":0,"168":0,"169":0,"170":0,"171":0,"172":0,"173":0,"174":0,"175":0,"176":0,"177":0,"178":0,"179":0,"180":1},"b":{"1":[1,1,1],"2":[0,1],"3":[1,1],"4":[1,0],"5":[0,0],"6":[0,1],"7":[1,1],"8":[0,1],"9":[0,0],"10":[0,0],"11":[0,0],"12":[0,0],"13":[0,0],"14":[0,0],"15":[0,0],"16":[0,0],"17":[0,0],"18":[0,0],"19":[0,0],"20":[0,0],"21":[0,0],"22":[0,0],"23":[0,0],"24":[0,0],"25":[0,0],"26":[0,0],"27":[0,0],"28":[0,0],"29":[0,0],"30":[0,0],"31":[0,0],"32":[0,0],"33":[0,0],"34":[0,0],"35":[0,0],"36":[0,0],"37":[0,0]},"f":{"1":1,"2":1,"3":2,"4":0,"5":0,"6":0,"7":0,"8":0,"9":0,"10":0,"11":0,"12":0,"13":0,"14":0,"15":0,"16":0,"17":0,"18":0,"19":0,"20":0,"21":0,"22":0},"fnMap":{"1":{"name":"(anonymous_1)","line":25,"loc":{"start":{"line":25,"column":50},"end":{"line":25,"column":65}}},"2":{"name":"(anonymous_2)","line":46,"loc":{"start":{"line":46,"column":15},"end":{"line":46,"column":29}}},"3":{"name":"(anonymous_3)","line":63,"loc":{"start":{"line":63,"column":13},"end":{"line":63,"column":16}}},"4":{"name":"(anonymous_4)","line":71,"loc":{"start":{"line":71,"column":35},"end":{"line":71,"column":57}}},"5":{"name":"(anonymous_5)","line":85,"loc":{"start":{"line":85,"column":14},"end":{"line":85,"column":23}}},"6":{"name":"(anonymous_6)","line":100,"loc":{"start":{"line":100,"column":22},"end":{"line":100,"column":38}}},"7":{"name":"(anonymous_7)","line":117,"loc":{"start":{"line":117,"column":19},"end":{"line":117,"column":35}}},"8":{"name":"(anonymous_8)","line":151,"loc":{"start":{"line":151,"column":22},"end":{"line":151,"column":39}}},"9":{"name":"(anonymous_9)","line":192,"loc":{"start":{"line":192,"column":26},"end":{"line":192,"column":29}}},"10":{"name":"(anonymous_10)","line":197,"loc":{"start":{"line":197,"column":26},"end":{"line":197,"column":42}}},"11":{"name":"(anonymous_11)","line":210,"loc":{"start":{"line":210,"column":20},"end":{"line":210,"column":23}}},"12":{"name":"(anonymous_12)","line":230,"loc":{"start":{"line":230,"column":26},"end":{"line":230,"column":34}}},"13":{"name":"(anonymous_13)","line":275,"loc":{"start":{"line":275,"column":21},"end":{"line":275,"column":29}}},"14":{"name":"(anonymous_14)","line":322,"loc":{"start":{"line":322,"column":9},"end":{"line":322,"column":17}}},"15":{"name":"(anonymous_15)","line":342,"loc":{"start":{"line":342,"column":10},"end":{"line":342,"column":19}}},"16":{"name":"(anonymous_16)","line":374,"loc":{"start":{"line":374,"column":7},"end":{"line":374,"column":16}}},"17":{"name":"(anonymous_17)","line":403,"loc":{"start":{"line":403,"column":11},"end":{"line":403,"column":20}}},"18":{"name":"(anonymous_18)","line":416,"loc":{"start":{"line":416,"column":10},"end":{"line":416,"column":19}}},"19":{"name":"(anonymous_19)","line":431,"loc":{"start":{"line":431,"column":8},"end":{"line":431,"column":15}}},"20":{"name":"(anonymous_20)","line":445,"loc":{"start":{"line":445,"column":10},"end":{"line":445,"column":17}}},"21":{"name":"(anonymous_21)","line":464,"loc":{"start":{"line":464,"column":10},"end":{"line":464,"column":19}}},"22":{"name":"(anonymous_22)","line":490,"loc":{"start":{"line":490,"column":10},"end":{"line":490,"column":18}}}},"statementMap":{"1":{"start":{"line":25,"column":0},"end":{"line":31,"column":2}},"2":{"start":{"line":26,"column":4},"end":{"line":26,"column":42}},"3":{"start":{"line":26,"column":31},"end":{"line":26,"column":42}},"4":{"start":{"line":27,"column":4},"end":{"line":27,"column":20}},"5":{"start":{"line":28,"column":4},"end":{"line":28,"column":99}},"6":{"start":{"line":28,"column":21},"end":{"line":28,"column":99}},"7":{"start":{"line":28,"column":40},"end":{"line":28,"column":99}},"8":{"start":{"line":28,"column":80},"end":{"line":28,"column":99}},"9":{"start":{"line":29,"column":4},"end":{"line":29,"column":28}},"10":{"start":{"line":30,"column":4},"end":{"line":30,"column":18}},"11":{"start":{"line":32,"column":0},"end":{"line":32,"column":62}},"12":{"start":{"line":33,"column":0},"end":{"line":33,"column":47}},"13":{"start":{"line":34,"column":0},"end":{"line":34,"column":45}},"14":{"start":{"line":35,"column":0},"end":{"line":35,"column":45}},"15":{"start":{"line":47,"column":8},"end":{"line":47,"column":108}},"16":{"start":{"line":48,"column":8},"end":{"line":48,"column":28}},"17":{"start":{"line":49,"column":8},"end":{"line":49,"column":32}},"18":{"start":{"line":50,"column":8},"end":{"line":50,"column":24}},"19":{"start":{"line":51,"column":8},"end":{"line":51,"column":21}},"20":{"start":{"line":52,"column":8},"end":{"line":54,"column":9}},"21":{"start":{"line":53,"column":12},"end":{"line":53,"column":31}},"22":{"start":{"line":64,"column":8},"end":{"line":64,"column":33}},"23":{"start":{"line":65,"column":8},"end":{"line":79,"column":9}},"24":{"start":{"line":66,"column":12},"end":{"line":66,"column":59}},"25":{"start":{"line":67,"column":12},"end":{"line":67,"column":39}},"26":{"start":{"line":68,"column":12},"end":{"line":77,"column":13}},"27":{"start":{"line":69,"column":16},"end":{"line":69,"column":47}},"28":{"start":{"line":70,"column":16},"end":{"line":76,"column":17}},"29":{"start":{"line":71,"column":20},"end":{"line":75,"column":23}},"30":{"start":{"line":72,"column":24},"end":{"line":74,"column":25}},"31":{"start":{"line":73,"column":28},"end":{"line":73,"column":51}},"32":{"start":{"line":78,"column":12},"end":{"line":78,"column":33}},"33":{"start":{"line":80,"column":8},"end":{"line":80,"column":22}},"34":{"start":{"line":86,"column":8},"end":{"line":86,"column":22}},"35":{"start":{"line":87,"column":8},"end":{"line":94,"column":9}},"36":{"start":{"line":88,"column":12},"end":{"line":90,"column":15}},"37":{"start":{"line":89,"column":16},"end":{"line":89,"column":32}},"38":{"start":{"line":93,"column":12},"end":{"line":93,"column":61}},"39":{"start":{"line":95,"column":8},"end":{"line":95,"column":20}},"40":{"start":{"line":101,"column":8},"end":{"line":101,"column":22}},"41":{"start":{"line":102,"column":8},"end":{"line":111,"column":9}},"42":{"start":{"line":103,"column":12},"end":{"line":107,"column":15}},"43":{"start":{"line":104,"column":16},"end":{"line":106,"column":17}},"44":{"start":{"line":105,"column":20},"end":{"line":105,"column":36}},"45":{"start":{"line":110,"column":12},"end":{"line":110,"column":61}},"46":{"start":{"line":112,"column":8},"end":{"line":112,"column":20}},"47":{"start":{"line":118,"column":8},"end":{"line":127,"column":9}},"48":{"start":{"line":119,"column":12},"end":{"line":123,"column":15}},"49":{"start":{"line":120,"column":16},"end":{"line":122,"column":17}},"50":{"start":{"line":121,"column":20},"end":{"line":121,"column":67}},"51":{"start":{"line":126,"column":12},"end":{"line":126,"column":61}},"52":{"start":{"line":152,"column":8},"end":{"line":152,"column":27}},"53":{"start":{"line":153,"column":8},"end":{"line":153,"column":34}},"54":{"start":{"line":154,"column":8},"end":{"line":154,"column":43}},"55":{"start":{"line":155,"column":8},"end":{"line":155,"column":36}},"56":{"start":{"line":157,"column":8},"end":{"line":172,"column":9}},"57":{"start":{"line":159,"column":12},"end":{"line":161,"column":13}},"58":{"start":{"line":160,"column":16},"end":{"line":160,"column":58}},"59":{"start":{"line":163,"column":12},"end":{"line":168,"column":13}},"60":{"start":{"line":164,"column":16},"end":{"line":164,"column":80}},"61":{"start":{"line":167,"column":16},"end":{"line":167,"column":64}},"62":{"start":{"line":171,"column":12},"end":{"line":171,"column":60}},"63":{"start":{"line":173,"column":8},"end":{"line":183,"column":9}},"64":{"start":{"line":174,"column":12},"end":{"line":174,"column":53}},"65":{"start":{"line":175,"column":12},"end":{"line":175,"column":97}},"66":{"start":{"line":178,"column":12},"end":{"line":178,"column":36}},"67":{"start":{"line":179,"column":12},"end":{"line":181,"column":15}},"68":{"start":{"line":180,"column":16},"end":{"line":180,"column":123}},"69":{"start":{"line":182,"column":12},"end":{"line":182,"column":50}},"70":{"start":{"line":184,"column":8},"end":{"line":184,"column":25}},"71":{"start":{"line":193,"column":8},"end":{"line":193,"column":31}},"72":{"start":{"line":194,"column":8},"end":{"line":194,"column":34}},"73":{"start":{"line":195,"column":8},"end":{"line":195,"column":26}},"74":{"start":{"line":196,"column":8},"end":{"line":202,"column":9}},"75":{"start":{"line":197,"column":12},"end":{"line":199,"column":15}},"76":{"start":{"line":198,"column":16},"end":{"line":198,"column":97}},"77":{"start":{"line":200,"column":12},"end":{"line":200,"column":51}},"78":{"start":{"line":201,"column":12},"end":{"line":201,"column":39}},"79":{"start":{"line":203,"column":8},"end":{"line":203,"column":24}},"80":{"start":{"line":211,"column":8},"end":{"line":211,"column":31}},"81":{"start":{"line":212,"column":8},"end":{"line":212,"column":34}},"82":{"start":{"line":213,"column":8},"end":{"line":213,"column":26}},"83":{"start":{"line":214,"column":8},"end":{"line":223,"column":9}},"84":{"start":{"line":215,"column":12},"end":{"line":221,"column":15}},"85":{"start":{"line":216,"column":16},"end":{"line":216,"column":68}},"86":{"start":{"line":217,"column":16},"end":{"line":220,"column":85}},"87":{"start":{"line":222,"column":12},"end":{"line":222,"column":50}},"88":{"start":{"line":224,"column":8},"end":{"line":224,"column":24}},"89":{"start":{"line":231,"column":8},"end":{"line":231,"column":24}},"90":{"start":{"line":232,"column":8},"end":{"line":232,"column":22}},"91":{"start":{"line":233,"column":8},"end":{"line":233,"column":30}},"92":{"start":{"line":234,"column":8},"end":{"line":234,"column":43}},"93":{"start":{"line":235,"column":8},"end":{"line":235,"column":36}},"94":{"start":{"line":236,"column":8},"end":{"line":238,"column":9}},"95":{"start":{"line":237,"column":12},"end":{"line":237,"column":27}},"96":{"start":{"line":240,"column":8},"end":{"line":248,"column":9}},"97":{"start":{"line":241,"column":12},"end":{"line":241,"column":70}},"98":{"start":{"line":244,"column":12},"end":{"line":246,"column":13}},"99":{"start":{"line":245,"column":16},"end":{"line":245,"column":56}},"100":{"start":{"line":247,"column":12},"end":{"line":247,"column":32}},"101":{"start":{"line":249,"column":8},"end":{"line":267,"column":9}},"102":{"start":{"line":250,"column":12},"end":{"line":250,"column":51}},"103":{"start":{"line":251,"column":12},"end":{"line":251,"column":82}},"104":{"start":{"line":252,"column":12},"end":{"line":252,"column":32}},"105":{"start":{"line":254,"column":12},"end":{"line":256,"column":15}},"106":{"start":{"line":255,"column":16},"end":{"line":255,"column":41}},"107":{"start":{"line":257,"column":12},"end":{"line":260,"column":14}},"108":{"start":{"line":263,"column":12},"end":{"line":266,"column":14}},"109":{"start":{"line":276,"column":8},"end":{"line":308,"column":9}},"110":{"start":{"line":277,"column":12},"end":{"line":280,"column":14}},"111":{"start":{"line":283,"column":12},"end":{"line":286,"column":14}},"112":{"start":{"line":287,"column":12},"end":{"line":300,"column":13}},"113":{"start":{"line":288,"column":16},"end":{"line":288,"column":32}},"114":{"start":{"line":289,"column":16},"end":{"line":289,"column":35}},"115":{"start":{"line":290,"column":16},"end":{"line":294,"column":19}},"116":{"start":{"line":291,"column":20},"end":{"line":291,"column":72}},"117":{"start":{"line":292,"column":20},"end":{"line":292,"column":62}},"118":{"start":{"line":293,"column":20},"end":{"line":293,"column":51}},"119":{"start":{"line":295,"column":16},"end":{"line":295,"column":69}},"120":{"start":{"line":296,"column":16},"end":{"line":296,"column":42}},"121":{"start":{"line":299,"column":16},"end":{"line":299,"column":63}},"122":{"start":{"line":301,"column":12},"end":{"line":307,"column":13}},"123":{"start":{"line":302,"column":16},"end":{"line":302,"column":58}},"124":{"start":{"line":303,"column":16},"end":{"line":303,"column":33}},"125":{"start":{"line":306,"column":16},"end":{"line":306,"column":33}},"126":{"start":{"line":323,"column":8},"end":{"line":323,"column":36}},"127":{"start":{"line":343,"column":8},"end":{"line":343,"column":63}},"128":{"start":{"line":344,"column":8},"end":{"line":344,"column":58}},"129":{"start":{"line":345,"column":8},"end":{"line":345,"column":47}},"130":{"start":{"line":346,"column":8},"end":{"line":346,"column":61}},"131":{"start":{"line":347,"column":8},"end":{"line":347,"column":37}},"132":{"start":{"line":348,"column":8},"end":{"line":348,"column":37}},"133":{"start":{"line":349,"column":8},"end":{"line":349,"column":33}},"134":{"start":{"line":350,"column":8},"end":{"line":350,"column":23}},"135":{"start":{"line":351,"column":8},"end":{"line":353,"column":9}},"136":{"start":{"line":352,"column":12},"end":{"line":352,"column":44}},"137":{"start":{"line":354,"column":8},"end":{"line":356,"column":9}},"138":{"start":{"line":355,"column":12},"end":{"line":355,"column":44}},"139":{"start":{"line":357,"column":8},"end":{"line":359,"column":9}},"140":{"start":{"line":358,"column":12},"end":{"line":358,"column":39}},"141":{"start":{"line":360,"column":8},"end":{"line":360,"column":132}},"142":{"start":{"line":361,"column":8},"end":{"line":361,"column":24}},"143":{"start":{"line":362,"column":8},"end":{"line":362,"column":66}},"144":{"start":{"line":376,"column":8},"end":{"line":389,"column":11}},"145":{"start":{"line":377,"column":12},"end":{"line":383,"column":15}},"146":{"start":{"line":384,"column":12},"end":{"line":388,"column":15}},"147":{"start":{"line":385,"column":16},"end":{"line":385,"column":33}},"148":{"start":{"line":387,"column":16},"end":{"line":387,"column":28}},"149":{"start":{"line":390,"column":8},"end":{"line":390,"column":17}},"150":{"start":{"line":404,"column":8},"end":{"line":404,"column":35}},"151":{"start":{"line":417,"column":8},"end":{"line":417,"column":35}},"152":{"start":{"line":432,"column":8},"end":{"line":436,"column":11}},"153":{"start":{"line":437,"column":8},"end":{"line":437,"column":20}},"154":{"start":{"line":446,"column":8},"end":{"line":446,"column":24}},"155":{"start":{"line":447,"column":8},"end":{"line":447,"column":27}},"156":{"start":{"line":448,"column":8},"end":{"line":448,"column":24}},"157":{"start":{"line":449,"column":8},"end":{"line":453,"column":9}},"158":{"start":{"line":450,"column":12},"end":{"line":450,"column":29}},"159":{"start":{"line":451,"column":12},"end":{"line":451,"column":32}},"160":{"start":{"line":452,"column":12},"end":{"line":452,"column":35}},"161":{"start":{"line":454,"column":8},"end":{"line":454,"column":130}},"162":{"start":{"line":455,"column":8},"end":{"line":455,"column":58}},"163":{"start":{"line":465,"column":8},"end":{"line":465,"column":24}},"164":{"start":{"line":466,"column":8},"end":{"line":466,"column":24}},"165":{"start":{"line":467,"column":8},"end":{"line":467,"column":31}},"166":{"start":{"line":468,"column":8},"end":{"line":468,"column":31}},"167":{"start":{"line":469,"column":8},"end":{"line":469,"column":33}},"168":{"start":{"line":470,"column":8},"end":{"line":478,"column":9}},"169":{"start":{"line":471,"column":12},"end":{"line":477,"column":13}},"170":{"start":{"line":472,"column":16},"end":{"line":472,"column":53}},"171":{"start":{"line":475,"column":16},"end":{"line":475,"column":49}},"172":{"start":{"line":476,"column":16},"end":{"line":476,"column":39}},"173":{"start":{"line":479,"column":8},"end":{"line":479,"column":54}},"174":{"start":{"line":480,"column":8},"end":{"line":480,"column":101}},"175":{"start":{"line":481,"column":8},"end":{"line":481,"column":56}},"176":{"start":{"line":482,"column":8},"end":{"line":482,"column":65}},"177":{"start":{"line":491,"column":8},"end":{"line":491,"column":54}},"178":{"start":{"line":492,"column":8},"end":{"line":492,"column":81}},"179":{"start":{"line":493,"column":8},"end":{"line":493,"column":68}},"180":{"start":{"line":496,"column":0},"end":{"line":496,"column":22}}},"branchMap":{"1":{"line":25,"type":"binary-expr","locations":[{"start":{"line":25,"column":20},"end":{"line":25,"column":24}},{"start":{"line":25,"column":28},"end":{"line":25,"column":45}},{"start":{"line":25,"column":50},"end":{"line":31,"column":1}}]},"2":{"line":26,"type":"if","locations":[{"start":{"line":26,"column":4},"end":{"line":26,"column":4}},{"start":{"line":26,"column":4},"end":{"line":26,"column":4}}]},"3":{"line":26,"type":"binary-expr","locations":[{"start":{"line":26,"column":8},"end":{"line":26,"column":11}},{"start":{"line":26,"column":15},"end":{"line":26,"column":29}}]},"4":{"line":28,"type":"if","locations":[{"start":{"line":28,"column":4},"end":{"line":28,"column":4}},{"start":{"line":28,"column":4},"end":{"line":28,"column":4}}]},"5":{"line":28,"type":"if","locations":[{"start":{"line":28,"column":40},"end":{"line":28,"column":40}},{"start":{"line":28,"column":40},"end":{"line":28,"column":40}}]},"6":{"line":52,"type":"if","locations":[{"start":{"line":52,"column":8},"end":{"line":52,"column":8}},{"start":{"line":52,"column":8},"end":{"line":52,"column":8}}]},"7":{"line":65,"type":"if","locations":[{"start":{"line":65,"column":8},"end":{"line":65,"column":8}},{"start":{"line":65,"column":8},"end":{"line":65,"column":8}}]},"8":{"line":68,"type":"if","locations":[{"start":{"line":68,"column":12},"end":{"line":68,"column":12}},{"start":{"line":68,"column":12},"end":{"line":68,"column":12}}]},"9":{"line":70,"type":"if","locations":[{"start":{"line":70,"column":16},"end":{"line":70,"column":16}},{"start":{"line":70,"column":16},"end":{"line":70,"column":16}}]},"10":{"line":70,"type":"binary-expr","locations":[{"start":{"line":70,"column":21},"end":{"line":70,"column":27}},{"start":{"line":70,"column":33},"end":{"line":70,"column":44}}]},"11":{"line":72,"type":"if","locations":[{"start":{"line":72,"column":24},"end":{"line":72,"column":24}},{"start":{"line":72,"column":24},"end":{"line":72,"column":24}}]},"12":{"line":87,"type":"if","locations":[{"start":{"line":87,"column":8},"end":{"line":87,"column":8}},{"start":{"line":87,"column":8},"end":{"line":87,"column":8}}]},"13":{"line":102,"type":"if","locations":[{"start":{"line":102,"column":8},"end":{"line":102,"column":8}},{"start":{"line":102,"column":8},"end":{"line":102,"column":8}}]},"14":{"line":104,"type":"if","locations":[{"start":{"line":104,"column":16},"end":{"line":104,"column":16}},{"start":{"line":104,"column":16},"end":{"line":104,"column":16}}]},"15":{"line":118,"type":"if","locations":[{"start":{"line":118,"column":8},"end":{"line":118,"column":8}},{"start":{"line":118,"column":8},"end":{"line":118,"column":8}}]},"16":{"line":120,"type":"if","locations":[{"start":{"line":120,"column":16},"end":{"line":120,"column":16}},{"start":{"line":120,"column":16},"end":{"line":120,"column":16}}]},"17":{"line":157,"type":"if","locations":[{"start":{"line":157,"column":8},"end":{"line":157,"column":8}},{"start":{"line":157,"column":8},"end":{"line":157,"column":8}}]},"18":{"line":157,"type":"binary-expr","locations":[{"start":{"line":157,"column":13},"end":{"line":157,"column":34}},{"start":{"line":157,"column":40},"end":{"line":157,"column":53}}]},"19":{"line":159,"type":"if","locations":[{"start":{"line":159,"column":12},"end":{"line":159,"column":12}},{"start":{"line":159,"column":12},"end":{"line":159,"column":12}}]},"20":{"line":163,"type":"if","locations":[{"start":{"line":163,"column":12},"end":{"line":163,"column":12}},{"start":{"line":163,"column":12},"end":{"line":163,"column":12}}]},"21":{"line":173,"type":"if","locations":[{"start":{"line":173,"column":8},"end":{"line":173,"column":8}},{"start":{"line":173,"column":8},"end":{"line":173,"column":8}}]},"22":{"line":196,"type":"if","locations":[{"start":{"line":196,"column":8},"end":{"line":196,"column":8}},{"start":{"line":196,"column":8},"end":{"line":196,"column":8}}]},"23":{"line":214,"type":"if","locations":[{"start":{"line":214,"column":8},"end":{"line":214,"column":8}},{"start":{"line":214,"column":8},"end":{"line":214,"column":8}}]},"24":{"line":240,"type":"if","locations":[{"start":{"line":240,"column":8},"end":{"line":240,"column":8}},{"start":{"line":240,"column":8},"end":{"line":240,"column":8}}]},"25":{"line":240,"type":"binary-expr","locations":[{"start":{"line":240,"column":13},"end":{"line":240,"column":49}},{"start":{"line":240,"column":55},"end":{"line":240,"column":66}}]},"26":{"line":244,"type":"if","locations":[{"start":{"line":244,"column":12},"end":{"line":244,"column":12}},{"start":{"line":244,"column":12},"end":{"line":244,"column":12}}]},"27":{"line":249,"type":"if","locations":[{"start":{"line":249,"column":8},"end":{"line":249,"column":8}},{"start":{"line":249,"column":8},"end":{"line":249,"column":8}}]},"28":{"line":276,"type":"if","locations":[{"start":{"line":276,"column":8},"end":{"line":276,"column":8}},{"start":{"line":276,"column":8},"end":{"line":276,"column":8}}]},"29":{"line":287,"type":"if","locations":[{"start":{"line":287,"column":12},"end":{"line":287,"column":12}},{"start":{"line":287,"column":12},"end":{"line":287,"column":12}}]},"30":{"line":301,"type":"if","locations":[{"start":{"line":301,"column":12},"end":{"line":301,"column":12}},{"start":{"line":301,"column":12},"end":{"line":301,"column":12}}]},"31":{"line":351,"type":"if","locations":[{"start":{"line":351,"column":8},"end":{"line":351,"column":8}},{"start":{"line":351,"column":8},"end":{"line":351,"column":8}}]},"32":{"line":351,"type":"binary-expr","locations":[{"start":{"line":351,"column":13},"end":{"line":351,"column":43}},{"start":{"line":351,"column":49},"end":{"line":351,"column":65}}]},"33":{"line":354,"type":"if","locations":[{"start":{"line":354,"column":8},"end":{"line":354,"column":8}},{"start":{"line":354,"column":8},"end":{"line":354,"column":8}}]},"34":{"line":354,"type":"binary-expr","locations":[{"start":{"line":354,"column":13},"end":{"line":354,"column":43}},{"start":{"line":354,"column":49},"end":{"line":354,"column":65}}]},"35":{"line":357,"type":"if","locations":[{"start":{"line":357,"column":8},"end":{"line":357,"column":8}},{"start":{"line":357,"column":8},"end":{"line":357,"column":8}}]},"36":{"line":357,"type":"binary-expr","locations":[{"start":{"line":357,"column":13},"end":{"line":357,"column":41}},{"start":{"line":357,"column":47},"end":{"line":357,"column":61}}]},"37":{"line":471,"type":"if","locations":[{"start":{"line":471,"column":12},"end":{"line":471,"column":12}},{"start":{"line":471,"column":12},"end":{"line":471,"column":12}}]}}},"/home/chriss/Sites/ORM/connection.js":{"path":"/home/chriss/Sites/ORM/connection.js","s":{"1":1,"2":1,"3":0,"4":1,"5":1,"6":1,"7":8,"8":8,"9":1,"10":1,"11":1,"12":1,"13":1,"14":1,"15":1,"16":0,"17":0,"18":0,"19":0,"20":0,"21":0,"22":0,"23":0,"24":0,"25":0,"26":0,"27":0,"28":0,"29":0,"30":1},"b":{"1":[1,1,1],"2":[0,1],"3":[1,1],"4":[1,0],"5":[8,0],"6":[0,0],"7":[0,0],"8":[0,0]},"f":{"1":1,"2":1,"3":0},"fnMap":{"1":{"name":"(anonymous_1)","line":25,"loc":{"start":{"line":25,"column":50},"end":{"line":25,"column":65}}},"2":{"name":"(anonymous_2)","line":46,"loc":{"start":{"line":46,"column":15},"end":{"line":46,"column":24}}},"3":{"name":"(anonymous_3)","line":57,"loc":{"start":{"line":57,"column":9},"end":{"line":57,"column":17}}}},"statementMap":{"1":{"start":{"line":25,"column":0},"end":{"line":31,"column":2}},"2":{"start":{"line":26,"column":4},"end":{"line":26,"column":42}},"3":{"start":{"line":26,"column":31},"end":{"line":26,"column":42}},"4":{"start":{"line":27,"column":4},"end":{"line":27,"column":20}},"5":{"start":{"line":28,"column":4},"end":{"line":28,"column":99}},"6":{"start":{"line":28,"column":21},"end":{"line":28,"column":99}},"7":{"start":{"line":28,"column":40},"end":{"line":28,"column":99}},"8":{"start":{"line":28,"column":80},"end":{"line":28,"column":99}},"9":{"start":{"line":29,"column":4},"end":{"line":29,"column":28}},"10":{"start":{"line":30,"column":4},"end":{"line":30,"column":18}},"11":{"start":{"line":32,"column":0},"end":{"line":32,"column":62}},"12":{"start":{"line":33,"column":0},"end":{"line":33,"column":45}},"13":{"start":{"line":34,"column":0},"end":{"line":34,"column":45}},"14":{"start":{"line":47,"column":8},"end":{"line":47,"column":29}},"15":{"start":{"line":48,"column":8},"end":{"line":48,"column":63}},"16":{"start":{"line":59,"column":8},"end":{"line":80,"column":11}},"17":{"start":{"line":61,"column":12},"end":{"line":79,"column":15}},"18":{"start":{"line":62,"column":16},"end":{"line":65,"column":17}},"19":{"start":{"line":63,"column":20},"end":{"line":63,"column":32}},"20":{"start":{"line":64,"column":20},"end":{"line":64,"column":30}},"21":{"start":{"line":67,"column":16},"end":{"line":78,"column":19}},"22":{"start":{"line":68,"column":20},"end":{"line":68,"column":41}},"23":{"start":{"line":69,"column":20},"end":{"line":71,"column":21}},"24":{"start":{"line":70,"column":24},"end":{"line":70,"column":68}},"25":{"start":{"line":72,"column":20},"end":{"line":75,"column":21}},"26":{"start":{"line":73,"column":24},"end":{"line":73,"column":36}},"27":{"start":{"line":74,"column":24},"end":{"line":74,"column":34}},"28":{"start":{"line":77,"column":20},"end":{"line":77,"column":34}},"29":{"start":{"line":81,"column":8},"end":{"line":81,"column":17}},"30":{"start":{"line":84,"column":0},"end":{"line":84,"column":16}}},"branchMap":{"1":{"line":25,"type":"binary-expr","locations":[{"start":{"line":25,"column":20},"end":{"line":25,"column":24}},{"start":{"line":25,"column":28},"end":{"line":25,"column":45}},{"start":{"line":25,"column":50},"end":{"line":31,"column":1}}]},"2":{"line":26,"type":"if","locations":[{"start":{"line":26,"column":4},"end":{"line":26,"column":4}},{"start":{"line":26,"column":4},"end":{"line":26,"column":4}}]},"3":{"line":26,"type":"binary-expr","locations":[{"start":{"line":26,"column":8},"end":{"line":26,"column":11}},{"start":{"line":26,"column":15},"end":{"line":26,"column":29}}]},"4":{"line":28,"type":"if","locations":[{"start":{"line":28,"column":4},"end":{"line":28,"column":4}},{"start":{"line":28,"column":4},"end":{"line":28,"column":4}}]},"5":{"line":28,"type":"if","locations":[{"start":{"line":28,"column":40},"end":{"line":28,"column":40}},{"start":{"line":28,"column":40},"end":{"line":28,"column":40}}]},"6":{"line":62,"type":"if","locations":[{"start":{"line":62,"column":16},"end":{"line":62,"column":16}},{"start":{"line":62,"column":16},"end":{"line":62,"column":16}}]},"7":{"line":69,"type":"if","locations":[{"start":{"line":69,"column":20},"end":{"line":69,"column":20}},{"start":{"line":69,"column":20},"end":{"line":69,"column":20}}]},"8":{"line":72,"type":"if","locations":[{"start":{"line":72,"column":20},"end":{"line":72,"column":20}},{"start":{"line":72,"column":20},"end":{"line":72,"column":20}}]}}}}