TN:
SF:/home/chriss/Sites/ORM/decorators.js
FN:38,register
FN:59,getList
FN:103,field
FN:104,(anonymous_4)
FN:116,secret
FN:117,(anonymous_6)
FNF:6
FNH:6
FNDA:11,register
FNDA:1,getList
FNDA:9,field
FNDA:9,(anonymous_4)
FNDA:2,secret
FNDA:2,(anonymous_6)
DA:25,1
DA:29,1
DA:38,1
DA:39,11
DA:40,11
DA:41,11
DA:42,11
DA:43,9
DA:46,2
DA:47,2
DA:49,11
DA:50,11
DA:59,1
DA:61,1
DA:62,1
DA:63,1
DA:64,1
DA:66,1
DA:67,22
DA:69,1
DA:70,1
DA:71,1
DA:72,9
DA:73,9
DA:76,0
DA:79,1
DA:81,1
DA:82,1
DA:83,1
DA:84,2
DA:85,2
DA:88,0
DA:91,1
DA:93,1
DA:95,1
DA:103,1
DA:104,9
DA:105,9
DA:108,1
DA:116,1
DA:117,2
DA:118,2
DA:121,1
LF:43
LH:41
BRDA:39,1,0,11
BRDA:39,1,1,1
BRDA:42,2,0,9
BRDA:42,2,1,2
BRDA:49,3,0,11
BRDA:49,3,1,0
BRDA:49,4,0,11
BRDA:49,4,1,11
BRDA:50,5,0,11
BRDA:50,5,1,0
BRDA:62,6,0,1
BRDA:62,6,1,0
BRDA:69,7,0,1
BRDA:69,7,1,0
BRDA:69,8,0,1
BRDA:69,8,1,1
BRDA:72,9,0,9
BRDA:72,9,1,0
BRDA:81,10,0,1
BRDA:81,10,1,0
BRDA:81,11,0,1
BRDA:81,11,1,1
BRDA:84,12,0,2
BRDA:84,12,1,0
BRDA:105,13,0,9
BRDA:105,13,1,7
BRDA:118,14,0,2
BRDA:118,14,1,2
BRF:28
BRH:21
end_of_record
TN:
SF:/home/chriss/Sites/ORM/interfaces/db/defaults.js
FN:27,(anonymous_1)
FN:29,(anonymous_2)
FN:38,(anonymous_3)
FNF:3
FNH:3
FNDA:1,(anonymous_1)
FNDA:1,(anonymous_2)
FNDA:1,(anonymous_3)
DA:25,1
DA:26,1
DA:27,1
DA:28,1
DA:29,1
DA:30,1
DA:31,1
DA:32,1
DA:33,1
DA:34,1
DA:37,1
DA:38,1
DA:39,1
DA:40,1
LF:14
LH:14
BRDA:35,1,0,1
BRDA:35,1,1,1
BRDA:41,2,0,1
BRDA:41,2,1,1
BRDA:43,3,0,1
BRDA:43,3,1,1
BRF:6
BRH:6
end_of_record
TN:
SF:/home/chriss/Sites/ORM/datatypes.js
FN:38,(anonymous_1)
FN:48,(anonymous_2)
FN:66,(anonymous_3)
FN:73,(anonymous_4)
FN:80,(anonymous_5)
FN:90,(anonymous_6)
FN:110,(anonymous_7)
FN:121,(anonymous_8)
FN:133,(anonymous_9)
FN:140,(anonymous_10)
FN:147,(anonymous_11)
FN:157,(anonymous_12)
FN:165,(anonymous_13)
FN:173,(anonymous_14)
FN:181,(anonymous_15)
FN:188,(anonymous_16)
FN:198,(anonymous_17)
FN:209,(anonymous_18)
FN:216,(anonymous_19)
FN:223,(anonymous_20)
FN:230,(anonymous_21)
FN:237,(anonymous_22)
FNF:22
FNH:7
FNDA:11,(anonymous_1)
FNDA:11,(anonymous_2)
FNDA:0,(anonymous_3)
FNDA:0,(anonymous_4)
FNDA:0,(anonymous_5)
FNDA:1,(anonymous_6)
FNDA:0,(anonymous_7)
FNDA:0,(anonymous_8)
FNDA:0,(anonymous_9)
FNDA:0,(anonymous_10)
FNDA:0,(anonymous_11)
FNDA:1,(anonymous_12)
FNDA:5,(anonymous_13)
FNDA:0,(anonymous_14)
FNDA:0,(anonymous_15)
FNDA:0,(anonymous_16)
FNDA:3,(anonymous_17)
FNDA:0,(anonymous_18)
FNDA:0,(anonymous_19)
FNDA:0,(anonymous_20)
FNDA:0,(anonymous_21)
FNDA:1,(anonymous_22)
DA:25,1
DA:26,1
DA:39,11
DA:40,11
DA:49,11
DA:61,11
DA:67,0
DA:68,0
DA:71,0
DA:74,0
DA:75,0
DA:78,0
DA:81,0
DA:82,0
DA:85,0
DA:91,1
DA:92,1
DA:101,1
DA:111,0
DA:112,0
DA:119,0
DA:122,0
DA:123,0
DA:128,0
DA:134,0
DA:135,0
DA:138,0
DA:141,0
DA:142,0
DA:145,0
DA:148,0
DA:149,0
DA:152,0
DA:158,1
DA:159,1
DA:163,1
DA:166,5
DA:167,5
DA:171,5
DA:174,0
DA:175,0
DA:179,0
DA:182,0
DA:183,0
DA:186,0
DA:189,0
DA:190,0
DA:193,0
DA:199,3
DA:200,3
DA:204,3
DA:210,0
DA:211,0
DA:214,0
DA:217,0
DA:218,0
DA:221,0
DA:224,0
DA:225,0
DA:228,0
DA:231,0
DA:232,0
DA:235,0
DA:238,1
DA:239,1
DA:243,1
DA:246,1
LF:67
LH:22
BRDA:50,1,0,11
BRDA:50,1,1,11
BRDA:51,2,0,11
BRDA:51,2,1,7
BRDA:52,3,0,11
BRDA:52,3,1,9
BRDA:54,4,0,11
BRDA:54,4,1,11
BRDA:55,5,0,11
BRDA:55,5,1,11
BRDA:56,6,0,11
BRDA:56,6,1,11
BRDA:57,7,0,11
BRDA:57,7,1,11
BRDA:58,8,0,11
BRDA:58,8,1,11
BRDA:59,9,0,11
BRDA:59,9,1,11
BRDA:94,10,0,1
BRDA:94,10,1,1
BRDA:114,11,0,0
BRDA:114,11,1,0
BRDA:125,12,0,0
BRDA:125,12,1,0
BRDA:169,13,0,5
BRDA:169,13,1,0
BRDA:202,14,0,3
BRDA:202,14,1,3
BRDA:241,15,0,1
BRDA:241,15,1,0
BRF:30
BRH:24
end_of_record
TN:
SF:/home/chriss/Sites/ORM/model.js
FN:25,(anonymous_1)
FN:46,(anonymous_2)
FN:63,(anonymous_3)
FN:71,(anonymous_4)
FN:85,(anonymous_5)
FN:100,(anonymous_6)
FN:117,(anonymous_7)
FN:151,(anonymous_8)
FN:192,(anonymous_9)
FN:197,(anonymous_10)
FN:210,(anonymous_11)
FN:230,(anonymous_12)
FN:275,(anonymous_13)
FN:322,(anonymous_14)
FN:342,(anonymous_15)
FN:374,(anonymous_16)
FN:403,(anonymous_17)
FN:416,(anonymous_18)
FN:431,(anonymous_19)
FN:445,(anonymous_20)
FN:464,(anonymous_21)
FN:490,(anonymous_22)
FNF:22
FNH:3
FNDA:1,(anonymous_1)
FNDA:1,(anonymous_2)
FNDA:2,(anonymous_3)
FNDA:0,(anonymous_4)
FNDA:0,(anonymous_5)
FNDA:0,(anonymous_6)
FNDA:0,(anonymous_7)
FNDA:0,(anonymous_8)
FNDA:0,(anonymous_9)
FNDA:0,(anonymous_10)
FNDA:0,(anonymous_11)
FNDA:0,(anonymous_12)
FNDA:0,(anonymous_13)
FNDA:0,(anonymous_14)
FNDA:0,(anonymous_15)
FNDA:0,(anonymous_16)
FNDA:0,(anonymous_17)
FNDA:0,(anonymous_18)
FNDA:0,(anonymous_19)
FNDA:0,(anonymous_20)
FNDA:0,(anonymous_21)
FNDA:0,(anonymous_22)
DA:25,1
DA:26,1
DA:27,1
DA:28,1
DA:29,1
DA:30,1
DA:32,1
DA:33,1
DA:34,1
DA:35,1
DA:47,1
DA:48,1
DA:49,1
DA:50,1
DA:51,1
DA:52,1
DA:53,0
DA:64,2
DA:65,2
DA:66,1
DA:67,1
DA:68,1
DA:69,0
DA:70,0
DA:71,0
DA:72,0
DA:73,0
DA:78,1
DA:80,2
DA:86,0
DA:87,0
DA:88,0
DA:89,0
DA:93,0
DA:95,0
DA:101,0
DA:102,0
DA:103,0
DA:104,0
DA:105,0
DA:110,0
DA:112,0
DA:118,0
DA:119,0
DA:120,0
DA:121,0
DA:126,0
DA:152,0
DA:153,0
DA:154,0
DA:155,0
DA:157,0
DA:159,0
DA:160,0
DA:163,0
DA:164,0
DA:167,0
DA:171,0
DA:173,0
DA:174,0
DA:175,0
DA:178,0
DA:179,0
DA:180,0
DA:182,0
DA:184,0
DA:193,0
DA:194,0
DA:195,0
DA:196,0
DA:197,0
DA:198,0
DA:200,0
DA:201,0
DA:203,0
DA:211,0
DA:212,0
DA:213,0
DA:214,0
DA:215,0
DA:216,0
DA:217,0
DA:222,0
DA:224,0
DA:231,0
DA:232,0
DA:233,0
DA:234,0
DA:235,0
DA:236,0
DA:237,0
DA:240,0
DA:241,0
DA:244,0
DA:245,0
DA:247,0
DA:249,0
DA:250,0
DA:251,0
DA:252,0
DA:254,0
DA:255,0
DA:257,0
DA:263,0
DA:276,0
DA:277,0
DA:283,0
DA:287,0
DA:288,0
DA:289,0
DA:290,0
DA:291,0
DA:292,0
DA:293,0
DA:295,0
DA:296,0
DA:299,0
DA:301,0
DA:302,0
DA:303,0
DA:306,0
DA:323,0
DA:343,0
DA:344,0
DA:345,0
DA:346,0
DA:347,0
DA:348,0
DA:349,0
DA:350,0
DA:351,0
DA:352,0
DA:354,0
DA:355,0
DA:357,0
DA:358,0
DA:360,0
DA:361,0
DA:362,0
DA:376,0
DA:377,0
DA:384,0
DA:385,0
DA:387,0
DA:390,0
DA:404,0
DA:417,0
DA:432,0
DA:437,0
DA:446,0
DA:447,0
DA:448,0
DA:449,0
DA:450,0
DA:451,0
DA:452,0
DA:454,0
DA:455,0
DA:465,0
DA:466,0
DA:467,0
DA:468,0
DA:469,0
DA:470,0
DA:471,0
DA:472,0
DA:475,0
DA:476,0
DA:479,0
DA:480,0
DA:481,0
DA:482,0
DA:491,0
DA:492,0
DA:493,0
DA:496,1
LF:176
LH:24
BRDA:25,1,0,1
BRDA:25,1,1,1
BRDA:25,1,2,1
BRDA:26,2,0,0
BRDA:26,2,1,1
BRDA:26,3,0,1
BRDA:26,3,1,1
BRDA:28,4,0,1
BRDA:28,4,1,0
BRDA:28,5,0,0
BRDA:28,5,1,0
BRDA:52,6,0,0
BRDA:52,6,1,1
BRDA:65,7,0,1
BRDA:65,7,1,1
BRDA:68,8,0,0
BRDA:68,8,1,1
BRDA:70,9,0,0
BRDA:70,9,1,0
BRDA:70,10,0,0
BRDA:70,10,1,0
BRDA:72,11,0,0
BRDA:72,11,1,0
BRDA:87,12,0,0
BRDA:87,12,1,0
BRDA:102,13,0,0
BRDA:102,13,1,0
BRDA:104,14,0,0
BRDA:104,14,1,0
BRDA:118,15,0,0
BRDA:118,15,1,0
BRDA:120,16,0,0
BRDA:120,16,1,0
BRDA:157,17,0,0
BRDA:157,17,1,0
BRDA:157,18,0,0
BRDA:157,18,1,0
BRDA:159,19,0,0
BRDA:159,19,1,0
BRDA:163,20,0,0
BRDA:163,20,1,0
BRDA:173,21,0,0
BRDA:173,21,1,0
BRDA:196,22,0,0
BRDA:196,22,1,0
BRDA:214,23,0,0
BRDA:214,23,1,0
BRDA:240,24,0,0
BRDA:240,24,1,0
BRDA:240,25,0,0
BRDA:240,25,1,0
BRDA:244,26,0,0
BRDA:244,26,1,0
BRDA:249,27,0,0
BRDA:249,27,1,0
BRDA:276,28,0,0
BRDA:276,28,1,0
BRDA:287,29,0,0
BRDA:287,29,1,0
BRDA:301,30,0,0
BRDA:301,30,1,0
BRDA:351,31,0,0
BRDA:351,31,1,0
BRDA:351,32,0,0
BRDA:351,32,1,0
BRDA:354,33,0,0
BRDA:354,33,1,0
BRDA:354,34,0,0
BRDA:354,34,1,0
BRDA:357,35,0,0
BRDA:357,35,1,0
BRDA:357,36,0,0
BRDA:357,36,1,0
BRDA:471,37,0,0
BRDA:471,37,1,0
BRF:75
BRH:11
end_of_record
TN:
SF:/home/chriss/Sites/ORM/connection.js
FN:25,(anonymous_1)
FN:46,(anonymous_2)
FN:57,(anonymous_3)
FNF:3
FNH:2
FNDA:1,(anonymous_1)
FNDA:1,(anonymous_2)
FNDA:0,(anonymous_3)
DA:25,1
DA:26,1
DA:27,1
DA:28,8
DA:29,1
DA:30,1
DA:32,1
DA:33,1
DA:34,1
DA:47,1
DA:48,1
DA:59,0
DA:61,0
DA:62,0
DA:63,0
DA:64,0
DA:67,0
DA:68,0
DA:69,0
DA:70,0
DA:72,0
DA:73,0
DA:74,0
DA:77,0
DA:81,0
DA:84,1
LF:26
LH:12
BRDA:25,1,0,1
BRDA:25,1,1,1
BRDA:25,1,2,1
BRDA:26,2,0,0
BRDA:26,2,1,1
BRDA:26,3,0,1
BRDA:26,3,1,1
BRDA:28,4,0,1
BRDA:28,4,1,0
BRDA:28,5,0,8
BRDA:28,5,1,0
BRDA:62,6,0,0
BRDA:62,6,1,0
BRDA:69,7,0,0
BRDA:69,7,1,0
BRDA:72,8,0,0
BRDA:72,8,1,0
BRF:17
BRH:8
end_of_record
